This file contains any messages produced by compilers while
running configure, to aid debugging if configure makes a mistake.

It was created by Math configure 1.0, which was
generated by GNU Autoconf 2.71.  Invocation command line was

  $ /E/Eclipse/workspace/Math/configure

## --------- ##
## Platform. ##
## --------- ##

hostname = Quang-PC
uname -m = x86_64
uname -r = 3.3.6-341.x86_64
uname -s = MSYS_NT-10.0-22621
uname -v = 2022-11-20 15:12 UTC

/usr/bin/uname -p = unknown
/bin/uname -X     = unknown

/bin/arch              = x86_64
/usr/bin/arch -k       = unknown
/usr/convex/getsysinfo = unknown
/usr/bin/hostinfo      = unknown
/bin/machine           = unknown
/usr/bin/oslevel       = unknown
/bin/universe          = unknown

PATH: /c/Users/phamn/.p2/pool/plugins/org.eclipse.justj.openjdk.hotspot.jre.full.win32.x86_64_17.0.5.v20221102-0933/jre/bin/server/
PATH: /c/Users/phamn/.p2/pool/plugins/org.eclipse.justj.openjdk.hotspot.jre.full.win32.x86_64_17.0.5.v20221102-0933/jre/bin/
PATH: /mingw64/bin/
PATH: /usr/bin/
PATH: /c/Program Files/dotnet/
PATH: /c/Users/phamn/AppData/Local/Microsoft/WindowsApps/
PATH: /e/texlive/2022/bin/win32/
PATH: /e/Eclipse/eclipse/


## ----------- ##
## Core tests. ##
## ----------- ##

configure:1762: loading site script /usr/local/etc/config.site
| # This file is in public domain.
| # Original author: Karlson2k (Evgeny Grin)
| # Written for MSys2 to help running 'configure' scripts
| 
| # Use correct config.site file even if CONFIG_SITE is not set
| if test -r /etc/config.site; then
|   . /etc/config.site
| fi
config.site:13: default build_alias set to 
config.site:20: default prefix set to 
configure:2020: looking for aux files: missing install-sh config.guess config.sub
configure:2033:  trying /E/Eclipse/workspace/Math/
configure:2062:   /E/Eclipse/workspace/Math/missing found
configure:2044:   /E/Eclipse/workspace/Math/install-sh found
configure:2062:   /E/Eclipse/workspace/Math/config.guess found
configure:2062:   /E/Eclipse/workspace/Math/config.sub found
configure:2182: checking build system type
configure:2197: result: x86_64-pc-msys
configure:2217: checking host system type
configure:2231: result: x86_64-pc-msys
configure:2251: checking target system type
configure:2265: result: x86_64-pc-msys
configure:2309: checking for a BSD-compatible install
configure:2382: result: /usr/bin/install -c
configure:2393: checking whether build environment is sane
configure:2448: result: yes
configure:2607: checking for a race-free mkdir -p
configure:2651: result: /usr/bin/mkdir -p
configure:2658: checking for gawk
configure:2679: found /usr/bin/gawk
configure:2690: result: gawk
configure:2701: checking whether make sets $(MAKE)
configure:2724: result: yes
configure:2754: checking whether make supports nested variables
configure:2772: result: yes
configure:2978: checking for g++
configure:2999: found /mingw64/bin/g++
configure:3010: result: g++
configure:3037: checking for C++ compiler version
configure:3046: g++ --version >&5
g++.exe (Rev4, Built by MSYS2 project) 12.2.0
Copyright (C) 2022 Free Software Foundation, Inc.
This is free software; see the source for copying conditions.  There is NO
warranty; not even for MERCHANTABILITY or FITNESS FOR A PARTICULAR PURPOSE.

configure:3057: $? = 0
configure:3046: g++ -v >&5
Using built-in specs.
COLLECT_GCC=E:\MSYS2\mingw64\bin\g++.exe
COLLECT_LTO_WRAPPER=E:/MSYS2/mingw64/bin/../lib/gcc/x86_64-w64-mingw32/12.2.0/lto-wrapper.exe
Target: x86_64-w64-mingw32
Configured with: ../gcc-12.2.0/configure --prefix=/mingw64 --with-local-prefix=/mingw64/local --build=x86_64-w64-mingw32 --host=x86_64-w64-mingw32 --target=x86_64-w64-mingw32 --with-native-system-header-dir=/mingw64/include --libexecdir=/mingw64/lib --enable-bootstrap --enable-checking=release --with-arch=x86-64 --with-tune=generic --enable-languages=c,lto,c++,fortran,ada,objc,obj-c++,jit --enable-shared --enable-static --enable-libatomic --enable-threads=posix --enable-graphite --enable-fully-dynamic-string --enable-libstdcxx-filesystem-ts --enable-libstdcxx-time --disable-libstdcxx-pch --enable-lto --enable-libgomp --disable-multilib --disable-rpath --disable-win32-registry --disable-nls --disable-werror --disable-symvers --with-libiconv --with-system-zlib --with-gmp=/mingw64 --with-mpfr=/mingw64 --with-mpc=/mingw64 --with-isl=/mingw64 --with-pkgversion='Rev4, Built by MSYS2 project' --with-bugurl=https://github.com/msys2/MINGW-packages/issues --with-gnu-as --with-gnu-ld --disable-libstdcxx-debug --with-boot-ldflags=-static-libstdc++ --with-stage1-ldflags=-static-libstdc++
Thread model: posix
Supported LTO compression algorithms: zlib zstd
gcc version 12.2.0 (Rev4, Built by MSYS2 project) 
configure:3057: $? = 0
configure:3046: g++ -V >&5
g++.exe: error: unrecognized command-line option '-V'
g++.exe: fatal error: no input files
compilation terminated.
configure:3057: $? = 1
configure:3046: g++ -qversion >&5
g++.exe: error: unrecognized command-line option '-qversion'; did you mean '--version'?
g++.exe: fatal error: no input files
compilation terminated.
configure:3057: $? = 1
configure:3077: checking whether the C++ compiler works
configure:3099: g++    conftest.cpp  >&5
configure:3103: $? = 0
configure:3153: result: yes
configure:3156: checking for C++ compiler default output file name
configure:3158: result: a.exe
configure:3164: checking for suffix of executables
configure:3171: g++ -o conftest.exe    conftest.cpp  >&5
configure:3175: $? = 0
configure:3198: result: .exe
configure:3220: checking whether we are cross compiling
configure:3228: g++ -o conftest.exe    conftest.cpp  >&5
configure:3232: $? = 0
configure:3239: ./conftest.exe
configure:3243: $? = 0
configure:3258: result: no
configure:3263: checking for suffix of object files
configure:3286: g++ -c   conftest.cpp >&5
configure:3290: $? = 0
configure:3312: result: o
configure:3316: checking whether the compiler supports GNU C++
configure:3336: g++ -c   conftest.cpp >&5
configure:3336: $? = 0
configure:3346: result: yes
configure:3357: checking whether g++ accepts -g
configure:3378: g++ -c -g  conftest.cpp >&5
configure:3378: $? = 0
configure:3422: result: yes
configure:3442: checking for g++ option to enable C++11 features
configure:3457: g++  -c -g -O2  conftest.cpp >&5
conftest.cpp: In function 'int main(int, char**)':
conftest.cpp:177:25: warning: empty parentheses were disambiguated as a function declaration [-Wvexing-parse]
  177 |   cxx11test::delegate d2();
      |                         ^~
conftest.cpp:177:25: note: remove parentheses to default-initialize a variable
  177 |   cxx11test::delegate d2();
      |                         ^~
      |                         --
conftest.cpp:177:25: note: or replace parentheses with braces to value-initialize a variable
configure:3457: $? = 0
configure:3475: result: none needed
configure:3542: checking whether make supports the include directive
configure:3557: make -f confmf.GNU && cat confinc.out
this is the am__doit target
configure:3560: $? = 0
configure:3579: result: yes (GNU style)
configure:3605: checking dependency style of g++
configure:3717: result: gcc3
configure:3872: checking that generated files are newer than configure
configure:3878: result: done
configure:3901: creating ./config.status

## ---------------------- ##
## Running config.status. ##
## ---------------------- ##

This file was extended by Math config.status 1.0, which was
generated by GNU Autoconf 2.71.  Invocation command line was

  CONFIG_FILES    = 
  CONFIG_HEADERS  = 
  CONFIG_LINKS    = 
  CONFIG_COMMANDS = 
  $ ./config.status 

on Quang-PC

config.status:782: creating Makefile
config.status:782: creating src/Makefile
config.status:939: executing depfiles commands
config.status:1016: cd src       && sed -e '/# am--include-marker/d' Makefile         | make -f - am--depfiles
config.status:1021: $? = 0

## ---------------- ##
## Cache variables. ##
## ---------------- ##

ac_cv_build=x86_64-pc-msys
ac_cv_cxx_compiler_gnu=yes
ac_cv_env_CCC_set=
ac_cv_env_CCC_value=
ac_cv_env_CPPFLAGS_set=
ac_cv_env_CPPFLAGS_value=
ac_cv_env_CXXFLAGS_set=
ac_cv_env_CXXFLAGS_value=
ac_cv_env_CXX_set=
ac_cv_env_CXX_value=
ac_cv_env_LDFLAGS_set=
ac_cv_env_LDFLAGS_value=
ac_cv_env_LIBS_set=
ac_cv_env_LIBS_value=
ac_cv_env_build_alias_set=
ac_cv_env_build_alias_value=
ac_cv_env_host_alias_set=
ac_cv_env_host_alias_value=
ac_cv_env_target_alias_set=
ac_cv_env_target_alias_value=
ac_cv_exeext=.exe
ac_cv_host=x86_64-pc-msys
ac_cv_objext=o
ac_cv_path_install='/usr/bin/install -c'
ac_cv_path_mkdir=/usr/bin/mkdir
ac_cv_prog_AWK=gawk
ac_cv_prog_ac_ct_CXX=g++
ac_cv_prog_cxx_11=no
ac_cv_prog_cxx_cxx11=
ac_cv_prog_cxx_g=yes
ac_cv_prog_cxx_stdcxx=
ac_cv_prog_make_make_set=yes
ac_cv_target=x86_64-pc-msys
am_cv_CXX_dependencies_compiler_type=gcc3
am_cv_make_support_nested_variables=yes

## ----------------- ##
## Output variables. ##
## ----------------- ##

ACLOCAL='${SHELL} '\''/E/Eclipse/workspace/Math/missing'\'' aclocal-1.16'
AMDEPBACKSLASH='\'
AMDEP_FALSE='#'
AMDEP_TRUE=''
AMTAR='$${TAR-tar}'
AM_BACKSLASH='\'
AM_DEFAULT_V='$(AM_DEFAULT_VERBOSITY)'
AM_DEFAULT_VERBOSITY='1'
AM_V='$(V)'
AUTOCONF='${SHELL} '\''/E/Eclipse/workspace/Math/missing'\'' autoconf'
AUTOHEADER='${SHELL} '\''/E/Eclipse/workspace/Math/missing'\'' autoheader'
AUTOMAKE='${SHELL} '\''/E/Eclipse/workspace/Math/missing'\'' automake-1.16'
AWK='gawk'
CPPFLAGS=''
CSCOPE='cscope'
CTAGS='ctags'
CXX='g++'
CXXDEPMODE='depmode=gcc3'
CXXFLAGS='-g -O2'
CYGPATH_W='cygpath -w'
DEFS='-DPACKAGE_NAME=\"Math\" -DPACKAGE_TARNAME=\"math\" -DPACKAGE_VERSION=\"1.0\" -DPACKAGE_STRING=\"Math\ 1.0\" -DPACKAGE_BUGREPORT=\"\" -DPACKAGE_URL=\"\" -DPACKAGE=\"math\" -DVERSION=\"1.0\"'
DEPDIR='.deps'
ECHO_C=''
ECHO_N='-n'
ECHO_T=''
ETAGS='etags'
EXEEXT='.exe'
INSTALL_DATA='${INSTALL} -m 644'
INSTALL_PROGRAM='${INSTALL}'
INSTALL_SCRIPT='${INSTALL}'
INSTALL_STRIP_PROGRAM='$(install_sh) -c -s'
LDFLAGS=''
LIBOBJS=''
LIBS=''
LTLIBOBJS=''
MAKEINFO='${SHELL} '\''/E/Eclipse/workspace/Math/missing'\'' makeinfo'
MKDIR_P='/usr/bin/mkdir -p'
OBJEXT='o'
PACKAGE='math'
PACKAGE_BUGREPORT=''
PACKAGE_NAME='Math'
PACKAGE_STRING='Math 1.0'
PACKAGE_TARNAME='math'
PACKAGE_URL=''
PACKAGE_VERSION='1.0'
PATH_SEPARATOR=':'
SET_MAKE=''
SHELL='/bin/sh'
STRIP=''
VERSION='1.0'
ac_ct_CXX='g++'
am__EXEEXT_FALSE='#'
am__EXEEXT_TRUE=''
am__fastdepCXX_FALSE='#'
am__fastdepCXX_TRUE=''
am__include='include'
am__isrc=' -I$(srcdir)'
am__leading_dot='.'
am__nodep='_no'
am__quote=''
am__tar='$${TAR-tar} chof - "$$tardir"'
am__untar='$${TAR-tar} xf -'
bindir='${exec_prefix}/bin'
build='x86_64-pc-msys'
build_alias=''
build_cpu='x86_64'
build_os='msys'
build_vendor='pc'
datadir='${datarootdir}'
datarootdir='${prefix}/share'
docdir='${datarootdir}/doc/${PACKAGE_TARNAME}'
dvidir='${docdir}'
exec_prefix='${prefix}'
host='x86_64-pc-msys'
host_alias=''
host_cpu='x86_64'
host_os='msys'
host_vendor='pc'
htmldir='${docdir}'
includedir='${prefix}/include'
infodir='${datarootdir}/info'
install_sh='${SHELL} /E/Eclipse/workspace/Math/install-sh'
libdir='${exec_prefix}/lib'
libexecdir='${exec_prefix}/libexec'
localedir='${datarootdir}/locale'
localstatedir='${prefix}/var'
mandir='${datarootdir}/man'
mkdir_p='$(MKDIR_P)'
oldincludedir='/usr/include'
pdfdir='${docdir}'
prefix=''
program_transform_name='s,x,x,'
psdir='${docdir}'
runstatedir='${localstatedir}/run'
sbindir='${exec_prefix}/sbin'
sharedstatedir='${prefix}/com'
sysconfdir='${prefix}/etc'
target='x86_64-pc-msys'
target_alias=''
target_cpu='x86_64'
target_os='msys'
target_vendor='pc'

## ----------- ##
## confdefs.h. ##
## ----------- ##

/* confdefs.h */
#define PACKAGE_NAME "Math"
#define PACKAGE_TARNAME "math"
#define PACKAGE_VERSION "1.0"
#define PACKAGE_STRING "Math 1.0"
#define PACKAGE_BUGREPORT ""
#define PACKAGE_URL ""
#define PACKAGE "math"
#define VERSION "1.0"

configure: exit 0
